1618045311351:help
1618045317467:print-all-products
1618045444847:help
1618045452765:add-product
1618045464137:stacktrace
1618045509921:help
1618045517640:category-filtered-products
1618045565887:help
1618045569681:get-product
1618045575944:price-filtered-products
1618045996318:help
1618046024145:print-all-products
1618046028379:help
1618046032118:add-product
1618046036182:price-filtered-products
1618046045763:category-filtered-products
1618046070565:print-all-products
1618046072314:help
1618046082352:get-product
1618046088535:delete-product
1618046091357:print-all-products
1618046231260:add-product
1618046258268:print-all-products
1618046260780:add-product
1618046263832:print-all-products
1618046300383:category-filtered-products
1618046308124:delete-product
1618046318460:print-all-products
1618046679444:add-product
1618046682629:get-product
